2	00:13:47.544	Expert BioHeaven2020 EURUSD,H1: removed
2	00:13:47.563	Expert Bioheaven\BioHeaven2020 EURUSD,H1: loaded successfully
2	00:35:58.311	Expert BioHeaven2020 EURUSD,H1: removed
2	00:35:58.329	Expert Bioheaven\BioHeaven2020 EURUSD,H1: loaded successfully
2	00:51:40.481	Expert BioHeaven2020 EURUSD,H1: removed
2	00:51:40.497	Expert Bioheaven\BioHeaven2020 EURUSD,H1: loaded successfully
2	00:52:08.929	Expert BioHeaven2020 EURUSD,H1: removed
2	00:52:08.947	Expert Bioheaven\BioHeaven2020 EURUSD,H1: loaded successfully
2	00:54:45.392	Expert BioHeaven2020 EURUSD,H1: removed
2	00:54:45.410	Expert Bioheaven\BioHeaven2020 EURUSD,H1: loaded successfully
2	00:58:01.394	Expert BioHeaven2020 EURUSD,H1: removed
2	00:58:01.413	Expert Bioheaven\BioHeaven2020 EURUSD,H1: loaded successfully
2	00:58:12.257	Expert BioHeaven2020 EURUSD,H1: removed
2	00:58:12.275	Expert Bioheaven\BioHeaven2020 EURUSD,H1: loaded successfully
2	01:01:37.968	Expert BioHeaven2020 EURUSD,H1: removed
2	01:01:37.985	Expert Bioheaven\BioHeaven2020 EURUSD,H1: loaded successfully
2	01:03:55.806	Expert BioHeaven2020 EURUSD,H1: removed
2	01:03:55.824	Expert Bioheaven\BioHeaven2020 EURUSD,H1: loaded successfully
2	01:12:40.494	Expert BioHeaven2020 EURUSD,H1: removed
2	01:12:40.511	Expert Bioheaven\BioHeaven2020 EURUSD,H1: loaded successfully
2	01:15:59.282	Expert BioHeaven2020 EURUSD,H1: removed
2	01:15:59.299	Expert Bioheaven\BioHeaven2020 EURUSD,H1: loaded successfully
2	01:16:55.230	Expert BioHeaven2020 EURUSD,H1: removed
2	01:16:55.247	Expert Bioheaven\BioHeaven2020 EURUSD,H1: loaded successfully
2	01:17:25.737	Expert BioHeaven2020 EURUSD,H1: removed
2	01:17:25.754	Expert Bioheaven\BioHeaven2020 EURUSD,H1: loaded successfully
2	01:18:58.311	Expert BioHeaven2020 EURUSD,H1: removed
2	01:18:58.330	Expert Bioheaven\BioHeaven2020 EURUSD,H1: loaded successfully
2	01:19:02.896	Expert BioHeaven2020 EURUSD,H1: removed
2	01:19:02.910	Expert Bioheaven\BioHeaven2020 EURUSD,H1: loaded successfully
2	01:20:14.734	Expert BioHeaven2020 EURUSD,H1: removed
2	01:20:14.753	Expert Bioheaven\BioHeaven2020 EURUSD,H1: loaded successfully
2	01:23:02.061	Expert BioHeaven2020 EURUSD,H1: removed
2	01:23:02.079	Expert Bioheaven\BioHeaven2020 EURUSD,H1: loaded successfully
2	01:24:51.623	Expert BioHeaven2020 EURUSD,H1: removed
2	01:24:51.640	Expert Bioheaven\BioHeaven2020 EURUSD,H1: loaded successfully
2	01:25:41.702	Expert BioHeaven2020 EURUSD,H1: removed
2	01:25:41.728	Expert Bioheaven\BioHeaven2020 EURUSD,H1: loaded successfully
2	01:26:04.728	Expert BioHeaven2020 EURUSD,H1: removed
2	01:26:04.748	Expert Bioheaven\BioHeaven2020 EURUSD,H1: loaded successfully
2	01:27:10.355	Expert BioHeaven2020 EURUSD,H1: removed
2	01:27:10.373	Expert Bioheaven\BioHeaven2020 EURUSD,H1: loaded successfully
2	01:41:02.281	Expert BioHeaven2020 EURUSD,H1: removed
2	01:41:02.298	Expert Bioheaven\BioHeaven2020 EURUSD,H1: loaded successfully
2	01:41:29.401	Expert BioHeaven2020 EURUSD,H1: removed
2	01:41:29.420	Expert Bioheaven\BioHeaven2020 EURUSD,H1: loaded successfully
2	01:47:35.828	Expert BioHeaven2020 EURUSD,H1: removed
2	01:47:35.846	Expert Bioheaven\BioHeaven2020 EURUSD,H1: loaded successfully
2	01:51:15.004	Expert BioHeaven2020 EURUSD,Daily: removed
2	01:51:15.009	Custom indicator ZigZag EURUSD,Daily: removed
0	01:51:16.347	FxPro MT4 build 1170 stopped
