0	10:08:33.091	FxPro MT4 build 1170 started (FXPRO Financial Services Ltd)
0	10:08:33.091	Microsoft Windows XP x86, IE 9, 4 x Intel Pentium 4  2.40GHz, Memory: 7210 / 16383 Mb, Disk: 23 / 223 Gb, GMT+1
0	10:08:33.091	Data Folder: Z:\Users\makis\Desktop\FxPro - MetaTrader 4
2	10:08:35.382	Custom indicator ZigZag EURUSD,Daily: loaded successfully
2	10:08:35.396	Expert Bioheaven\BioHeaven2020 EURUSD,Daily: loaded successfully
0	10:08:36.221	'70558411': login on FxPro.com-Demo04 through Demo04 - DC02 (ping: 17.02 ms)
0	10:08:37.255	'70558411': login datacenter on FxPro.com-Demo04 through Demo04 - DC02 (ping: 17.02 ms)
0	10:08:37.458	'70558411': previous successful authorization performed from 77.250.39.80
0	10:08:48.263	'70558411': auto connecting to a better access point Demo04 - DC04 (ping is 18.78 ms)
0	10:08:49.169	'70558411': login on FxPro.com-Demo04 through Demo04 - DC04 (ping: 18.78 ms)
0	10:08:49.790	'70558411': login datacenter on FxPro.com-Demo04 through Demo04 - DC04 (ping: 18.78 ms)
0	10:08:49.986	'70558411': previous successful authorization performed from 77.250.39.80
2	10:08:57.074	Expert BioHeaven2020 EURUSD,Daily: removed
2	10:08:57.078	Custom indicator ZigZag EURUSD,Daily: removed
2	10:29:24.530	Expert Bioheaven\BioHeaven2020 EURUSD,H1: loaded successfully
2	12:56:06.464	Custom indicator AlligatorMF EURUSD,H1: loaded successfully
0	13:36:27.004	'70558411': login on FxPro.com-Demo04 through Demo04 - DC04 (ping: 18.78 ms)
0	13:36:27.615	'70558411': login datacenter on FxPro.com-Demo04 through Demo04 - DC04 (ping: 18.78 ms)
0	13:36:27.788	'70558411': previous successful authorization performed from 77.250.39.80
0	13:36:38.736	'70558411': auto connecting to a better access point Demo04 - DC02 (ping is 17.23 ms)
0	13:36:39.122	'70558411': login on FxPro.com-Demo04 through Demo04 - DC02 (ping: 17.23 ms)
0	13:36:39.798	'70558411': login datacenter on FxPro.com-Demo04 through Demo04 - DC02 (ping: 17.23 ms)
0	13:36:40.001	'70558411': previous successful authorization performed from 77.250.39.80
2	13:55:17.286	Expert BioHeaven2020 EURUSD,M15: removed
2	13:55:17.291	Custom indicator AlligatorMF EURUSD,M15: removed
0	13:55:18.342	FxPro MT4 build 1170 stopped
0	19:28:10.024	FxPro MT4 build 1170 started (FXPRO Financial Services Ltd)
0	19:28:10.025	Microsoft Windows XP x86, IE 9, 4 x Intel Pentium 4  2.40GHz, Memory: 6129 / 16384 Mb, Disk: 22 / 223 Gb, GMT+1
0	19:28:10.025	Data Folder: Z:\Users\makis\Desktop\FxPro - MetaTrader 4
2	19:28:12.028	Custom indicator AlligatorMF EURUSD,M15: loaded successfully
2	19:28:12.045	Expert Bioheaven\BioHeaven2020 EURUSD,M15: loaded successfully
0	19:28:13.020	'70558411': login on FxPro.com-Demo04 through Demo04 - DC02 (ping: 17.23 ms)
0	19:28:13.641	'70558411': login datacenter on FxPro.com-Demo04 through Demo04 - DC02 (ping: 17.23 ms)
0	19:28:13.845	'70558411': previous successful authorization performed from 77.250.39.80
2	19:28:16.107	Expert BioHeaven2020 EURUSD,M15: removed
2	19:28:16.113	Custom indicator AlligatorMF EURUSD,M15: removed
0	19:28:17.174	'70558411': ping to current access point Demo04 - DC02 is 18.81 ms
0	19:28:17.269	FxPro MT4 build 1170 stopped
0	19:28:14.876	LiveUpdate: updater - started for portable 'Z:\Users\makis\Desktop\FxPro - MetaTrader 4'
0	19:28:14.877	LiveUpdate: updater - try to close terminal
0	19:28:18.419	LiveUpdate: updater - files update started
0	19:28:18.542	LiveUpdate: copied from 'C:\users\makis\Application Data\MetaQuotes\WebInstall\mt4clw\metaeditor.exe' to 'Z:\Users\makis\Desktop\FxPro - MetaTrader 4\metaeditor.exe'
0	19:28:18.632	LiveUpdate: copied from 'C:\users\makis\Application Data\MetaQuotes\WebInstall\mt4clw\terminal.exe' to 'Z:\Users\makis\Desktop\FxPro - MetaTrader 4\terminal.exe'
0	19:28:18.632	LiveUpdate: updater - files update finished
0	19:28:18.632	LiveUpdate: updater - clean obsolete data
0	19:28:18.632	LiveUpdate: updater - start terminal
0	19:28:18.691	LiveUpdate: updater - finished for portable 'Z:\Users\makis\Desktop\FxPro - MetaTrader 4'
0	19:28:20.707	LiveUpdate: update Z:\Users\makis\Desktop\FxPro - MetaTrader 4\MQL4 folder started
0	19:28:20.824	LiveUpdate: update Z:\Users\makis\Desktop\FxPro - MetaTrader 4\MQL4 folder finished
0	19:28:20.920	FxPro MT4 build 1280 started (FXPRO Financial Services Ltd)
0	19:28:20.927	Microsoft Windows XP x86, IE 9, 4 x Intel Pentium 4  2.40GHz, Memory: 6114 / 16384 Mb, Disk: 22 / 223 Gb, GMT+1
0	19:28:20.927	Data Folder: Z:\Users\makis\Desktop\FxPro - MetaTrader 4
0	19:28:21.327	Sources recompilation started
0	19:28:41.228	Sources recompilation finished (28 compiled in 19902 msec)
2	19:28:42.690	Custom indicator AlligatorMF EURUSD,M15: loaded successfully
2	19:28:42.704	Expert Bioheaven\BioHeaven2020 EURUSD,M15: loaded successfully
0	19:28:43.742	'70558411': login on FxPro.com-Demo04 through Demo04 - DC02 (ping: 18.81 ms)
0	19:28:44.391	'70558411': login datacenter on FxPro.com-Demo04 through Demo04 - DC02 (ping: 18.81 ms)
0	19:28:44.595	'70558411': previous successful authorization performed from 77.250.39.80
2	19:44:15.413	Custom indicator AlligatorMF EURUSD,H4: removed
2	19:46:49.709	Expert BioHeaven2020 EURUSD,Daily: removed
0	19:46:51.071	FxPro MT4 build 1280 stopped
