0	14:51:36.366	Migration: data to 'Z:\Users\makis\Desktop\FxPro - MetaTrader 4' migration started
0	14:51:36.366	Migration: experts migration from 'Z:\Users\makis\Desktop\FxPro - MetaTrader 4' to 'Z:\Users\makis\Desktop\FxPro - MetaTrader 4' started
0	14:51:36.366	Migration: experts folder updated from 'Z:\Users\makis\Desktop\FxPro - MetaTrader 4\experts' to 'Z:\Users\makis\Desktop\FxPro - MetaTrader 4\MQL4\Experts'
0	14:51:36.366	Migration: include folder updated from 'Z:\Users\makis\Desktop\FxPro - MetaTrader 4\experts\include' to 'Z:\Users\makis\Desktop\FxPro - MetaTrader 4\MQL4\Include'
0	14:51:36.366	Migration: indicators folder updated from 'Z:\Users\makis\Desktop\FxPro - MetaTrader 4\experts\indicators' to 'Z:\Users\makis\Desktop\FxPro - MetaTrader 4\MQL4\Indicators'
0	14:51:36.366	Migration: scripts folder updated from 'Z:\Users\makis\Desktop\FxPro - MetaTrader 4\experts\scripts' to 'Z:\Users\makis\Desktop\FxPro - MetaTrader 4\MQL4\Scripts'
0	14:51:36.366	Migration: expert logs folder updated from 'Z:\Users\makis\Desktop\FxPro - MetaTrader 4\experts\logs' to 'Z:\Users\makis\Desktop\FxPro - MetaTrader 4\MQL4\Logs'
0	14:51:36.366	Migration: expert files folder updated from 'Z:\Users\makis\Desktop\FxPro - MetaTrader 4\experts\files' to 'Z:\Users\makis\Desktop\FxPro - MetaTrader 4\MQL4\Files'
0	14:51:36.366	Migration: libraries folder updated from 'Z:\Users\makis\Desktop\FxPro - MetaTrader 4\experts\libraries' to 'Z:\Users\makis\Desktop\FxPro - MetaTrader 4\MQL4\Libraries'
0	14:51:36.366	Migration: expert presets folder updated from 'Z:\Users\makis\Desktop\FxPro - MetaTrader 4\experts\presets' to 'Z:\Users\makis\Desktop\FxPro - MetaTrader 4\MQL4\Presets'
0	14:51:36.366	Migration: expert images folder updated from 'Z:\Users\makis\Desktop\FxPro - MetaTrader 4\experts\images' to 'Z:\Users\makis\Desktop\FxPro - MetaTrader 4\MQL4\Images'
0	14:51:36.366	Migration: experts migration finished
0	14:51:36.366	Migration: data migration finished, no virtual folder
0	14:51:36.367	LiveUpdate: update Z:\Users\makis\Desktop\FxPro - MetaTrader 4\MQL4 folder started
0	14:51:36.733	LiveUpdate: update Z:\Users\makis\Desktop\FxPro - MetaTrader 4\MQL4 folder finished
0	14:51:37.017	FxPro MT4 build 1170 started (FXPRO Financial Services Ltd)
0	14:51:37.018	Microsoft Windows XP x86, IE 9, 4 x Intel Pentium 4  2.40GHz, Memory: 7125 / 16383 Mb, Disk: 24 / 223 Gb, GMT+1
0	14:51:37.018	Data Folder: Z:\Users\makis\Desktop\FxPro - MetaTrader 4
0	14:51:37.719	Sources recompilation started
0	14:51:49.364	Sources recompilation finished (28 compiled in 11645 msec)
0	14:52:39.736	'70558411': login on FxPro.com-Demo04
0	14:52:40.442	'70558411': previous successful authorization performed from 77.250.39.80
0	14:52:51.229	'70558411': auto connecting to a better access point Demo04 - DC02 (ping is 17.02 ms)
0	14:52:51.549	'70558411': login on FxPro.com-Demo04 through Demo04 - DC02 (ping: 17.02 ms)
0	14:52:52.193	'70558411': login datacenter on FxPro.com-Demo04 through Demo04 - DC02 (ping: 17.02 ms)
0	14:52:52.348	'70558411': previous successful authorization performed from 77.250.39.80
0	14:55:08.277	FxPro MT4 build 1170 stopped
0	14:55:23.882	FxPro MT4 build 1170 started (FXPRO Financial Services Ltd)
0	14:55:23.883	Microsoft Windows XP x86, IE 9, 4 x Intel Pentium 4  2.40GHz, Memory: 6806 / 16383 Mb, Disk: 24 / 223 Gb, GMT+1
0	14:55:23.883	Data Folder: Z:\Users\makis\Desktop\FxPro - MetaTrader 4
0	14:55:26.095	'70558411': login on FxPro.com-Demo04 through Demo04 - DC02 (ping: 17.02 ms)
0	14:55:26.738	'70558411': login datacenter on FxPro.com-Demo04 through Demo04 - DC02 (ping: 17.02 ms)
0	14:55:26.895	'70558411': previous successful authorization performed from 77.250.39.80
0	14:57:21.963	FxPro MT4 build 1170 started (FXPRO Financial Services Ltd)
0	14:57:21.963	Microsoft Windows XP x86, IE 9, 4 x Intel Pentium 4  2.40GHz, Memory: 7115 / 16383 Mb, Disk: 24 / 223 Gb, GMT+1
0	14:57:21.963	Data Folder: Z:\Users\makis\Desktop\FxPro - MetaTrader 4
0	14:57:24.283	'70558411': login on FxPro.com-Demo04 through Demo04 - DC02 (ping: 17.02 ms)
0	14:57:24.910	'70558411': login datacenter on FxPro.com-Demo04 through Demo04 - DC02 (ping: 17.02 ms)
0	14:57:25.067	'70558411': previous successful authorization performed from 77.250.39.80
2	14:57:37.783	Expert BIOHEAVEN-V6 EURUSD,H1: loaded successfully
0	14:58:29.161	System to be shutdown, request for close FxPro MT4
0	14:58:29.368	FxPro MT4 build 1170 stopped because system shutdown
0	14:58:51.665	FxPro MT4 build 1170 started (FXPRO Financial Services Ltd)
0	14:58:51.666	Microsoft Windows XP x86, IE 9, 4 x Intel Pentium 4  2.40GHz, Memory: 7119 / 16383 Mb, Disk: 24 / 223 Gb, GMT+1
0	14:58:51.666	Data Folder: Z:\Users\makis\Desktop\FxPro - MetaTrader 4
2	14:58:53.239	Expert BIOHEAVEN-V6 EURUSD,H1: loaded successfully
0	14:58:53.953	'70558411': login on FxPro.com-Demo04 through Demo04 - DC02 (ping: 17.02 ms)
0	14:58:54.598	'70558411': login datacenter on FxPro.com-Demo04 through Demo04 - DC02 (ping: 17.02 ms)
0	14:58:54.754	'70558411': previous successful authorization performed from 77.250.39.80
2	15:00:24.099	Expert BIOHEAVEN-V6 EURUSD,H1: removed
2	15:00:46.555	Expert Bioheaven\BioHeaven2020 EURUSD,H1: loaded successfully
2	15:02:32.646	Expert BioHeaven2020 EURUSD,H1: removed
2	15:02:32.659	Expert Bioheaven\BioHeaven2020 EURUSD,H1: loaded successfully
2	15:02:46.574	Expert BioHeaven2020 EURUSD,H1: removed
2	15:02:46.588	Expert Bioheaven\BioHeaven2020 EURUSD,H1: loaded successfully
0	15:02:53.496	Automated trading disabled
0	15:02:54.152	Automated trading enabled
2	15:03:26.518	Expert BioHeaven2020 EURUSD,H1: removed
2	15:03:26.533	Expert Bioheaven\BioHeaven2020 EURUSD,H1: loaded successfully
2	15:03:34.015	Expert BioHeaven2020 EURUSD,H1: removed
2	15:03:34.028	Expert Bioheaven\BioHeaven2020 EURUSD,H1: loaded successfully
2	15:04:03.480	Expert BIOHEAVEV-V6 EURUSD,H1: loaded successfully
2	15:04:35.629	Expert BIOHEAVEV-V6 EURUSD,H1: removed
2	15:04:35.648	Expert BIOHEAVEV-V6 EURUSD,H1: loaded successfully
2	15:04:43.484	Expert BIOHEAVEV-V6 EURUSD,H1: removed
2	15:04:53.792	Expert BIOHEAVEV-V6 EURUSD,H1: loaded successfully
2	15:06:38.145	Expert BIOHEAVEV-V6 EURUSD,H1: removed
2	15:06:38.162	Expert BIOHEAVEV-V6 EURUSD,H1: loaded successfully
2	15:08:41.017	Expert BioHeaven2020 EURUSD,H1: removed
2	15:08:41.031	Expert Bioheaven\BioHeaven2020 EURUSD,H1: loaded successfully
2	15:12:56.774	Expert BioHeaven2020 EURUSD,H1: removed
2	15:12:56.788	Expert Bioheaven\BioHeaven2020 EURUSD,H1: loaded successfully
2	15:19:59.918	Expert BioHeaven2020 EURUSD,H1: removed
2	15:19:59.931	Expert Bioheaven\BioHeaven2020 EURUSD,H1: loaded successfully
2	15:20:31.238	Expert BioHeaven2020 EURUSD,M15: removed
2	15:20:31.250	Expert Bioheaven\BioHeaven2020 EURUSD,M15: loaded successfully
2	15:22:00.373	Expert BioHeaven2020 EURUSD,M15: removed
2	15:22:00.386	Expert Bioheaven\BioHeaven2020 EURUSD,M15: loaded successfully
2	15:22:18.329	Expert BioHeaven2020 EURUSD,M15: removed
2	15:22:18.343	Expert Bioheaven\BioHeaven2020 EURUSD,M15: loaded successfully
2	15:22:31.726	Expert BioHeaven2020 EURUSD,M15: removed
2	15:22:31.740	Expert Bioheaven\BioHeaven2020 EURUSD,M15: loaded successfully
2	15:22:43.624	Expert BioHeaven2020 EURUSD,M15: removed
2	15:22:43.639	Expert Bioheaven\BioHeaven2020 EURUSD,M15: loaded successfully
2	15:24:02.660	Expert BioHeaven2020 EURUSD,H1: removed
2	15:24:02.674	Expert Bioheaven\BioHeaven2020 EURUSD,H1: loaded successfully
2	15:24:12.494	Expert BioHeaven2020 EURUSD,H1: removed
2	15:24:12.507	Expert Bioheaven\BioHeaven2020 EURUSD,H1: loaded successfully
2	15:24:46.767	Expert BioHeaven2020 EURUSD,H1: removed
2	15:24:46.780	Expert Bioheaven\BioHeaven2020 EURUSD,H1: loaded successfully
2	15:36:05.891	Expert BioHeaven2020 EURUSD,H1: removed
2	15:36:05.906	Expert Bioheaven\BioHeaven2020 EURUSD,H1: loaded successfully
2	15:37:17.160	Expert BioHeaven2020 EURUSD,H1: removed
2	15:37:17.174	Expert Bioheaven\BioHeaven2020 EURUSD,H1: loaded successfully
2	15:38:06.971	Expert BioHeaven2020 EURUSD,H1: removed
2	15:38:07.011	Expert Bioheaven\BioHeaven2020 EURUSD,H1: loaded successfully
2	15:38:12.599	Expert BioHeaven2020 EURUSD,H1: removed
2	15:38:12.613	Expert Bioheaven\BioHeaven2020 EURUSD,H1: loaded successfully
2	15:46:01.515	Expert BioHeaven2020 EURUSD,H1: removed
2	15:46:01.531	Expert Bioheaven\BioHeaven2020 EURUSD,H1: loaded successfully
2	15:46:17.257	Expert BioHeaven2020 EURUSD,H1: removed
2	15:46:17.271	Expert Bioheaven\BioHeaven2020 EURUSD,H1: loaded successfully
2	15:46:41.064	Expert BioHeaven2020 EURUSD,H1: removed
2	15:46:41.077	Expert Bioheaven\BioHeaven2020 EURUSD,H1: loaded successfully
2	15:46:46.058	Expert BioHeaven2020 EURUSD,H1: removed
2	15:46:46.071	Expert Bioheaven\BioHeaven2020 EURUSD,H1: loaded successfully
2	15:46:54.951	Expert BioHeaven2020 EURUSD,H1: removed
2	15:46:54.964	Expert Bioheaven\BioHeaven2020 EURUSD,H1: loaded successfully
2	15:47:38.734	Expert BioHeaven2020 EURUSD,H1: removed
2	15:47:38.748	Expert Bioheaven\BioHeaven2020 EURUSD,H1: loaded successfully
2	15:47:46.754	Expert BioHeaven2020 EURUSD,H1: removed
2	15:47:46.768	Expert Bioheaven\BioHeaven2020 EURUSD,H1: loaded successfully
2	15:47:59.760	Expert BioHeaven2020 EURUSD,H1: removed
2	15:47:59.774	Expert Bioheaven\BioHeaven2020 EURUSD,H1: loaded successfully
2	15:48:22.399	Expert BioHeaven2020 EURUSD,H1: removed
2	15:48:22.412	Expert Bioheaven\BioHeaven2020 EURUSD,H1: loaded successfully
2	15:49:01.203	Expert BioHeaven2020 EURUSD,M15: removed
2	15:49:01.217	Expert Bioheaven\BioHeaven2020 EURUSD,M15: loaded successfully
2	15:50:19.857	Expert BioHeaven2020 EURUSD,M15: removed
2	15:50:19.871	Expert Bioheaven\BioHeaven2020 EURUSD,M15: loaded successfully
2	15:50:30.606	Expert BioHeaven2020 EURUSD,M15: removed
2	15:50:30.619	Expert Bioheaven\BioHeaven2020 EURUSD,M15: loaded successfully
2	15:54:26.935	Expert BioHeaven2020 EURUSD,H1: removed
2	15:54:27.516	Expert Bioheaven\BioHeaven2020 EURUSD,H1: loaded successfully
2	15:54:59.787	Expert BioHeaven2020 EURUSD,H1: removed
2	15:54:59.801	Expert Bioheaven\BioHeaven2020 EURUSD,H1: loaded successfully
2	15:55:38.440	Expert BioHeaven2020 EURUSD,Daily: removed
2	15:55:38.453	Expert Bioheaven\BioHeaven2020 EURUSD,Daily: loaded successfully
2	15:56:20.986	Expert BioHeaven2020 EURUSD,Monthly: removed
2	15:56:20.999	Expert Bioheaven\BioHeaven2020 EURUSD,Monthly: loaded successfully
2	15:56:34.237	Expert BioHeaven2020 EURUSD,Monthly: removed
2	15:56:34.250	Expert Bioheaven\BioHeaven2020 EURUSD,Monthly: loaded successfully
2	15:57:17.410	Expert BioHeaven2020 EURUSD,H1: removed
2	15:57:17.424	Expert Bioheaven\BioHeaven2020 EURUSD,H1: loaded successfully
2	15:57:39.320	Expert BioHeaven2020 EURUSD,H1: removed
2	15:57:39.334	Expert Bioheaven\BioHeaven2020 EURUSD,H1: loaded successfully
2	15:58:22.065	Expert BioHeaven2020 EURUSD,H1: removed
2	15:58:22.078	Expert Bioheaven\BioHeaven2020 EURUSD,H1: loaded successfully
2	15:58:31.644	Expert BioHeaven2020 EURUSD,H1: removed
2	15:58:40.529	Expert Bioheaven\BioHeaven2020 EURUSD,H1: loaded successfully
2	15:59:17.355	Expert BioHeaven2020 EURUSD,H1: removed
2	15:59:17.368	Expert Bioheaven\BioHeaven2020 EURUSD,H1: loaded successfully
2	16:00:24.365	Expert BioHeaven2020 EURUSD,H4: removed
2	16:00:24.378	Expert Bioheaven\BioHeaven2020 EURUSD,H4: loaded successfully
2	16:00:43.498	Expert BioHeaven2020 EURUSD,H4: removed
2	16:00:43.512	Expert Bioheaven\BioHeaven2020 EURUSD,H4: loaded successfully
2	16:00:44.556	Expert BioHeaven2020 EURUSD,H4: removed
2	16:00:44.568	Expert Bioheaven\BioHeaven2020 EURUSD,H4: loaded successfully
2	16:00:55.405	Expert BioHeaven2020 EURUSD,H4: removed
2	16:00:55.418	Expert Bioheaven\BioHeaven2020 EURUSD,H4: loaded successfully
2	16:00:57.984	Expert BioHeaven2020 EURUSD,H4: removed
2	16:00:57.997	Expert Bioheaven\BioHeaven2020 EURUSD,H4: loaded successfully
2	16:00:58.962	Expert BioHeaven2020 EURUSD,H4: removed
2	16:00:58.976	Expert Bioheaven\BioHeaven2020 EURUSD,H4: loaded successfully
2	16:01:05.446	Expert BioHeaven2020 EURUSD,M5: removed
2	16:01:18.404	Expert Bioheaven\BioHeaven2020 EURUSD,H1: loaded successfully
2	16:03:05.636	Expert BioHeaven2020 EURUSD,Daily: removed
2	16:03:05.650	Expert Bioheaven\BioHeaven2020 EURUSD,Daily: loaded successfully
2	16:03:46.175	Expert BioHeaven2020 EURUSD,Daily: removed
2	16:03:46.188	Expert Bioheaven\BioHeaven2020 EURUSD,Daily: loaded successfully
2	16:09:14.406	Expert BioHeaven2020 EURUSD,Daily: removed
2	16:09:14.418	Expert Bioheaven\BioHeaven2020 EURUSD,Daily: loaded successfully
2	16:09:17.035	Expert BioHeaven2020 EURUSD,Daily: removed
2	16:09:17.074	Expert Bioheaven\BioHeaven2020 EURUSD,Daily: loaded successfully
2	16:12:44.365	Expert BioHeaven2020 EURUSD,Daily: removed
2	16:12:44.378	Expert Bioheaven\BioHeaven2020 EURUSD,Daily: loaded successfully
2	16:13:01.657	Expert BioHeaven2020 EURUSD,Daily: removed
2	16:13:01.672	Expert Bioheaven\BioHeaven2020 EURUSD,Daily: loaded successfully
2	16:13:15.828	Expert BioHeaven2020 EURUSD,Daily: removed
2	16:13:15.842	Expert Bioheaven\BioHeaven2020 EURUSD,Daily: loaded successfully
2	16:13:19.115	Expert BioHeaven2020 EURUSD,Daily: removed
2	16:13:19.128	Expert Bioheaven\BioHeaven2020 EURUSD,Daily: loaded successfully
2	16:13:55.430	Expert BioHeaven2020 EURUSD,M5: removed
2	16:14:00.840	Expert Bioheaven\BioHeaven2020 EURUSD,H1: loaded successfully
2	16:15:02.128	Expert BioHeaven2020 EURUSD,Daily: removed
2	16:15:02.143	Expert Bioheaven\BioHeaven2020 EURUSD,Daily: loaded successfully
2	16:15:30.285	Expert BioHeaven2020 EURUSD,Daily: removed
2	16:15:30.298	Expert Bioheaven\BioHeaven2020 EURUSD,Daily: loaded successfully
2	16:15:59.739	Expert BioHeaven2020 EURUSD,Daily: removed
2	16:15:59.753	Expert Bioheaven\BioHeaven2020 EURUSD,Daily: loaded successfully
2	16:16:03.463	Expert BioHeaven2020 EURUSD,Daily: removed
2	16:16:03.478	Expert Bioheaven\BioHeaven2020 EURUSD,Daily: loaded successfully
2	16:16:08.699	Expert BioHeaven2020 EURUSD,Daily: removed
2	16:16:08.713	Expert Bioheaven\BioHeaven2020 EURUSD,Daily: loaded successfully
2	16:16:48.479	Expert BioHeaven2020 EURUSD,Daily: removed
2	16:16:48.492	Expert Bioheaven\BioHeaven2020 EURUSD,Daily: loaded successfully
2	16:18:13.114	Expert BioHeaven2020 EURUSD,Daily: removed
2	16:18:13.127	Expert Bioheaven\BioHeaven2020 EURUSD,Daily: loaded successfully
2	16:19:23.299	Expert BioHeaven2020 EURUSD,Daily: removed
2	16:19:23.313	Expert Bioheaven\BioHeaven2020 EURUSD,Daily: loaded successfully
2	16:19:58.795	Expert BioHeaven2020 EURUSD,Daily: removed
2	16:19:58.810	Expert Bioheaven\BioHeaven2020 EURUSD,Daily: loaded successfully
2	16:20:50.224	Expert BioHeaven2020 EURUSD,Daily: removed
2	16:20:50.237	Expert Bioheaven\BioHeaven2020 EURUSD,Daily: loaded successfully
2	16:21:51.095	Expert BioHeaven2020 EURUSD,Daily: removed
2	16:21:51.107	Expert Bioheaven\BioHeaven2020 EURUSD,Daily: loaded successfully
2	16:23:02.412	Expert BioHeaven2020 EURUSD,Daily: removed
2	16:23:02.426	Expert Bioheaven\BioHeaven2020 EURUSD,Daily: loaded successfully
2	16:23:18.775	Expert BioHeaven2020 EURUSD,Daily: removed
2	16:23:18.788	Expert Bioheaven\BioHeaven2020 EURUSD,Daily: loaded successfully
2	16:23:37.311	Expert BioHeaven2020 EURUSD,Daily: removed
2	16:23:37.325	Expert Bioheaven\BioHeaven2020 EURUSD,Daily: loaded successfully
2	16:24:12.668	Expert BioHeaven2020 EURUSD,Daily: removed
2	16:24:12.681	Expert Bioheaven\BioHeaven2020 EURUSD,Daily: loaded successfully
2	16:28:21.803	Expert BioHeaven2020 EURUSD,H4: removed
2	16:28:21.817	Expert Bioheaven\BioHeaven2020 EURUSD,H4: loaded successfully
2	16:28:37.626	Expert BioHeaven2020 EURUSD,H4: removed
2	16:28:37.640	Expert Bioheaven\BioHeaven2020 EURUSD,H4: loaded successfully
2	16:35:10.562	Expert BIOHEAVEV-V6 EURUSD,H1: removed
2	16:35:10.581	Expert BIOHEAVEV-V6 EURUSD,H1: loaded successfully
2	16:36:11.524	Expert BioHeaven2020 EURUSD,H4: removed
2	16:36:11.539	Expert Bioheaven\BioHeaven2020 EURUSD,H4: loaded successfully
2	16:36:45.938	Expert BioHeaven2020 EURUSD,H4: removed
2	16:36:45.952	Expert Bioheaven\BioHeaven2020 EURUSD,H4: loaded successfully
2	16:37:20.960	Expert BioHeaven2020 EURUSD,H4: removed
2	16:37:20.973	Expert Bioheaven\BioHeaven2020 EURUSD,H4: loaded successfully
2	16:37:58.578	Expert BioHeaven2020 EURUSD,H4: removed
2	16:37:58.592	Expert Bioheaven\BioHeaven2020 EURUSD,H4: loaded successfully
2	16:39:28.300	Expert BioHeaven2020 EURUSD,H4: removed
2	16:39:28.313	Expert Bioheaven\BioHeaven2020 EURUSD,H4: loaded successfully
2	16:39:31.260	Expert BioHeaven2020 EURUSD,H4: removed
2	16:39:31.275	Expert Bioheaven\BioHeaven2020 EURUSD,H4: loaded successfully
2	16:40:37.574	Expert BioHeaven2020 EURUSD,H4: removed
2	16:40:37.588	Expert Bioheaven\BioHeaven2020 EURUSD,H4: loaded successfully
2	16:40:41.079	Expert BioHeaven2020 EURUSD,H4: removed
2	16:40:41.093	Expert Bioheaven\BioHeaven2020 EURUSD,H4: loaded successfully
2	16:41:18.193	Expert BioHeaven2020 EURUSD,H4: removed
2	16:41:18.206	Expert Bioheaven\BioHeaven2020 EURUSD,H4: loaded successfully
2	16:46:33.919	Expert BioHeaven2020 EURUSD,H4: removed
2	16:46:33.933	Expert Bioheaven\BioHeaven2020 EURUSD,H4: loaded successfully
2	16:48:05.244	Expert BioHeaven2020 EURUSD,H4: removed
2	16:48:05.258	Expert Bioheaven\BioHeaven2020 EURUSD,H4: loaded successfully
2	16:48:49.279	Expert BioHeaven2020 EURUSD,H4: removed
2	16:48:49.294	Expert Bioheaven\BioHeaven2020 EURUSD,H4: loaded successfully
2	16:48:52.901	Expert BioHeaven2020 EURUSD,H4: removed
2	16:48:52.914	Expert Bioheaven\BioHeaven2020 EURUSD,H4: loaded successfully
2	16:48:56.357	Expert BioHeaven2020 EURUSD,H4: removed
2	16:48:56.371	Expert Bioheaven\BioHeaven2020 EURUSD,H4: loaded successfully
2	16:49:26.075	Expert BioHeaven2020 EURUSD,H4: removed
2	16:49:26.089	Expert Bioheaven\BioHeaven2020 EURUSD,H4: loaded successfully
2	16:49:34.736	Expert BioHeaven2020 EURUSD,H4: removed
2	16:49:34.749	Expert Bioheaven\BioHeaven2020 EURUSD,H4: loaded successfully
2	16:50:26.680	Expert BioHeaven2020 EURUSD,H4: removed
2	16:50:26.694	Expert Bioheaven\BioHeaven2020 EURUSD,H4: loaded successfully
2	16:52:20.689	Expert BioHeaven2020 EURUSD,H4: removed
2	16:52:20.703	Expert Bioheaven\BioHeaven2020 EURUSD,H4: loaded successfully
2	16:52:39.928	Expert BioHeaven2020 EURUSD,H4: removed
2	16:52:39.943	Expert Bioheaven\BioHeaven2020 EURUSD,H4: loaded successfully
2	16:53:26.660	Expert BioHeaven2020 EURUSD,H4: removed
2	16:53:26.675	Expert Bioheaven\BioHeaven2020 EURUSD,H4: loaded successfully
2	16:55:07.681	Expert BioHeaven2020 EURUSD,H4: removed
2	16:55:07.695	Expert Bioheaven\BioHeaven2020 EURUSD,H4: loaded successfully
2	16:55:37.900	Expert BioHeaven2020 EURUSD,H4: removed
2	16:55:37.914	Expert Bioheaven\BioHeaven2020 EURUSD,H4: loaded successfully
2	16:56:45.875	Expert BioHeaven2020 EURUSD,H4: removed
2	16:56:45.889	Expert Bioheaven\BioHeaven2020 EURUSD,H4: loaded successfully
2	16:57:30.727	Expert BioHeaven2020 EURUSD,H4: removed
2	16:57:30.742	Expert Bioheaven\BioHeaven2020 EURUSD,H4: loaded successfully
2	16:58:11.376	Expert BioHeaven2020 EURUSD,H4: removed
2	16:58:11.392	Expert Bioheaven\BioHeaven2020 EURUSD,H4: loaded successfully
2	17:00:20.063	Expert BioHeaven2020 EURUSD,M15: removed
2	17:00:20.079	Expert Bioheaven\BioHeaven2020 EURUSD,M15: loaded successfully
2	17:00:47.435	Expert BioHeaven2020 EURUSD,M15: removed
2	17:00:47.452	Expert Bioheaven\BioHeaven2020 EURUSD,M15: loaded successfully
2	17:02:44.978	Expert BioHeaven2020 EURUSD,M15: removed
2	17:02:44.992	Expert Bioheaven\BioHeaven2020 EURUSD,M15: loaded successfully
2	17:08:37.430	Expert BioHeaven2020 EURUSD,M15: removed
2	17:08:37.443	Expert Bioheaven\BioHeaven2020 EURUSD,M15: loaded successfully
2	17:09:05.423	Expert BioHeaven2020 EURUSD,M15: removed
2	17:09:05.437	Expert Bioheaven\BioHeaven2020 EURUSD,M15: loaded successfully
2	17:09:22.614	Expert BioHeaven2020 EURUSD,M15: removed
2	17:09:22.628	Expert Bioheaven\BioHeaven2020 EURUSD,M15: loaded successfully
2	17:09:27.068	Expert BioHeaven2020 EURUSD,M15: removed
2	17:09:27.082	Expert Bioheaven\BioHeaven2020 EURUSD,M15: loaded successfully
2	17:09:29.557	Expert BioHeaven2020 EURUSD,M15: removed
2	17:09:29.570	Expert Bioheaven\BioHeaven2020 EURUSD,M15: loaded successfully
2	17:19:14.856	Expert BioHeaven2020 EURUSD,M15: removed
2	17:19:14.870	Expert Bioheaven\BioHeaven2020 EURUSD,M15: loaded successfully
2	17:19:43.573	Expert BioHeaven2020 EURUSD,M15: removed
2	17:19:43.587	Expert Bioheaven\BioHeaven2020 EURUSD,M15: loaded successfully
2	17:27:12.299	Expert BioHeaven2020 EURUSD,Weekly: removed
2	17:27:12.313	Expert Bioheaven\BioHeaven2020 EURUSD,Weekly: loaded successfully
2	17:29:31.168	Expert BioHeaven2020 EURUSD,Weekly: removed
2	17:29:31.182	Expert Bioheaven\BioHeaven2020 EURUSD,Weekly: loaded successfully
2	17:30:31.715	Expert BioHeaven2020 EURUSD,Weekly: removed
2	17:30:31.730	Expert Bioheaven\BioHeaven2020 EURUSD,Weekly: loaded successfully
0	17:30:49.365	'70558411': one click trading has been enabled
0	17:30:51.226	'70558411': close order #173947972 buy 0.10 EURUSD at 1.18122 sl: 0.00000 tp: 0.00000 at price 1.18226
0	17:30:51.312	'70558411': order #173947972 buy 0.10 EURUSD at 1.18122 sl: 0.00000 tp: 0.00000 closed at price 1.18226
2	17:33:43.731	Expert BioHeaven2020 EURUSD,Weekly: removed
2	17:33:43.749	Expert Bioheaven\BioHeaven2020 EURUSD,Weekly: loaded successfully
2	17:35:32.183	Expert BioHeaven2020 EURUSD,Weekly: removed
2	17:35:32.199	Expert Bioheaven\BioHeaven2020 EURUSD,Weekly: loaded successfully
2	17:35:55.172	Expert BioHeaven2020 EURUSD,Weekly: removed
2	17:35:55.186	Expert Bioheaven\BioHeaven2020 EURUSD,Weekly: loaded successfully
2	19:09:40.180	Expert BioHeaven2020 EURUSD,Weekly: removed
2	19:09:40.196	Expert Bioheaven\BioHeaven2020 EURUSD,Weekly: loaded successfully
2	19:11:37.948	Expert BioHeaven2020 EURUSD,Weekly: removed
2	19:11:37.964	Expert Bioheaven\BioHeaven2020 EURUSD,Weekly: loaded successfully
2	19:18:33.262	Expert BioHeaven2020 EURUSD,Weekly: removed
2	19:18:33.277	Expert Bioheaven\BioHeaven2020 EURUSD,Weekly: loaded successfully
2	19:19:27.231	Expert BioHeaven2020 EURUSD,Weekly: removed
2	19:19:27.245	Expert Bioheaven\BioHeaven2020 EURUSD,Weekly: loaded successfully
2	19:19:46.028	Expert BioHeaven2020 EURUSD,Weekly: removed
2	19:19:46.043	Expert Bioheaven\BioHeaven2020 EURUSD,Weekly: loaded successfully
2	19:20:11.618	Expert BioHeaven2020 EURUSD,Weekly: removed
2	19:20:11.631	Expert Bioheaven\BioHeaven2020 EURUSD,Weekly: loaded successfully
2	19:22:13.064	Expert BioHeaven2020 EURUSD,Weekly: removed
2	19:22:24.074	Expert Bioheaven\BioHeaven2020 EURUSD,H1: loaded successfully
2	19:23:31.592	Expert BioHeaven2020 GBPUSD,H1: removed
2	19:23:31.605	Expert Bioheaven\BioHeaven2020 GBPUSD,H1: loaded successfully
2	19:25:19.477	Expert BioHeaven2020 USDJPY,H1: removed
2	19:25:19.492	Expert Bioheaven\BioHeaven2020 USDJPY,H1: loaded successfully
2	19:25:48.325	Custom indicator iTrend USDJPY,H1: loaded successfully
2	19:35:18.693	Expert BioHeaven2020 EURUSD,M15: removed
2	19:35:18.710	Expert Bioheaven\BioHeaven2020 EURUSD,M15: loaded successfully
2	19:41:04.141	Expert BioHeaven2020 EURUSD,M15: removed
2	19:41:04.158	Expert Bioheaven\BioHeaven2020 EURUSD,M15: loaded successfully
2	19:44:35.839	Expert BioHeaven2020 EURUSD,M15: removed
2	19:44:35.856	Expert Bioheaven\BioHeaven2020 EURUSD,M15: loaded successfully
2	19:45:09.744	Expert BioHeaven2020 EURUSD,M15: removed
2	19:45:09.762	Expert Bioheaven\BioHeaven2020 EURUSD,M15: loaded successfully
2	19:51:13.244	Expert BioHeaven2020 EURUSD,M15: removed
2	19:51:13.262	Expert Bioheaven\BioHeaven2020 EURUSD,M15: loaded successfully
2	19:51:52.224	Expert BioHeaven2020 EURUSD,M15: removed
2	19:51:52.241	Expert Bioheaven\BioHeaven2020 EURUSD,M15: loaded successfully
2	19:52:23.179	Custom indicator Simple_SR EURUSD,M15: loaded successfully
2	19:53:30.895	Custom indicator Simple_SR EURUSD,M15: removed
2	19:55:11.513	Expert BioHeaven2020 EURUSD,H1: removed
2	19:55:11.531	Expert Bioheaven\BioHeaven2020 EURUSD,H1: loaded successfully
2	20:00:31.429	Expert BioHeaven2020 EURUSD,M15: removed
2	20:00:31.448	Expert Bioheaven\BioHeaven2020 EURUSD,M15: loaded successfully
2	20:00:53.736	Expert BioHeaven2020 EURUSD,M15: removed
2	20:00:53.756	Expert Bioheaven\BioHeaven2020 EURUSD,M15: loaded successfully
2	20:13:21.110	Custom indicator Channel_ZZ_v2_en EURUSD,M15: loaded successfully
2	20:22:50.934	Custom indicator Channel_ZZ_v2_en EURUSD,H4: removed
2	20:22:56.461	Custom indicator imax EURUSD,H4: loaded successfully
2	20:23:09.062	Custom indicator imax EURUSD,H4: removed
2	20:23:14.091	Custom indicator 3_Level_ZZ_Semafor EURUSD,H4: loaded successfully
2	20:23:18.108	Custom indicator 3_Level_aga EURUSD,H4: loaded successfully
2	20:23:34.558	Custom indicator 3_Level_ZZ_Semafor EURUSD,H1: removed
2	20:23:37.542	Custom indicator 3_Level_aga EURUSD,H1: removed
2	20:24:09.483	Custom indicator ZigZagFibonacci EURUSD,H1: loaded successfully
2	20:26:36.173	Custom indicator TREND_alexcud EURUSD,H4: loaded successfully
0	20:29:00.084	'70558411': instant order sell 0.10 EURUSD at 1.18393 sl: 0.00000 tp: 0.00000
0	20:29:01.996	'70558411': order was opened : #173953113 sell 0.10 EURUSD at 1.18393 sl: 0.00000 tp: 0.00000
2	20:30:17.634	Custom indicator TREND_alexcud EURUSD,H4: removed
2	20:30:26.660	Custom indicator THV4 Trix V1.0 EURUSD,H4: loaded successfully
2	20:30:27.576	Custom indicator THV4 Trix called EURUSD,H4: loaded successfully
2	20:30:27.621	Custom indicator THV3 Coral EURUSD,H4: loaded successfully
2	20:30:27.666	Custom indicator THV3 T3 EURUSD,H4: loaded successfully
2	20:30:27.724	Custom indicator THV3 Coral EURUSD,M5: loaded successfully
2	20:30:27.769	Custom indicator THV3 T3 EURUSD,M5: loaded successfully
2	20:30:27.817	Custom indicator THV3 Coral EURUSD,Daily: loaded successfully
2	20:30:27.863	Custom indicator THV3 T3 EURUSD,Daily: loaded successfully
2	20:30:40.255	Custom indicator THV3 T3 EURUSD,Daily: removed
2	20:30:40.255	Custom indicator THV3 Coral EURUSD,Daily: removed
2	20:30:40.256	Custom indicator THV3 T3 EURUSD,M5: removed
2	20:30:40.256	Custom indicator THV3 Coral EURUSD,M5: removed
2	20:30:40.256	Custom indicator THV3 T3 EURUSD,H4: removed
2	20:30:40.256	Custom indicator THV3 Coral EURUSD,H4: removed
2	20:30:40.256	Custom indicator THV4 Trix called EURUSD,H4: removed
2	20:30:40.256	Custom indicator THV4 Trix V1.0 EURUSD,H4: removed
2	20:30:51.263	Custom indicator Momentum EURUSD,H4: loaded successfully
2	20:31:04.846	Custom indicator Momentum EURUSD,H4: removed
2	20:31:07.824	Custom indicator MPBM EURUSD,H4: loaded successfully
2	20:31:19.050	Custom indicator MPBM EURUSD,H4: removed
2	20:31:25.529	Custom indicator imaxmintrends EURUSD,H4: loaded successfully
2	20:31:37.018	Custom indicator imaxmintrends EURUSD,H4: removed
2	20:31:42.750	Custom indicator Momentum EURUSD,H4: loaded successfully
2	20:31:43.875	Custom indicator Momentum EURUSD,H4: removed
2	20:31:46.849	Custom indicator MCP_V2 EURUSD,H4: loaded successfully
2	20:32:07.435	Custom indicator MCP_V2 EURUSD,H4: removed
0	20:34:31.278	Sources recompilation started
2	20:34:39.381	Expert BIOHEAVEV-V6 EURUSD,H1: removed
2	20:34:39.400	Expert BIOHEAVEV-V6 EURUSD,H1: loaded successfully
2	20:37:25.337	Expert BioHeaven2020 EURUSD,H4: removed
2	20:37:25.354	Expert Bioheaven\BioHeaven2020 EURUSD,H4: loaded successfully
2	20:37:32.893	Custom indicator ZigZagFibonacci EURUSD,H4: removed
2	20:37:35.685	Custom indicator iTrend EURUSD,H4: removed
2	20:37:44.901	Expert BioHeaven2020 EURUSD,H4: removed
2	20:37:53.353	Expert Bioheaven\BioHeaven2020 EURUSD,H1: loaded successfully
2	20:38:49.472	Expert BioHeaven2020 EURUSD,H1: removed
2	20:38:49.489	Expert Bioheaven\BioHeaven2020 EURUSD,H1: loaded successfully
2	20:43:21.076	Expert BioHeaven2020 EURUSD,H1: removed
2	20:43:21.094	Expert Bioheaven\BioHeaven2020 EURUSD,H1: loaded successfully
2	20:46:57.447	Expert BioHeaven2020 EURUSD,Daily: removed
2	20:46:57.468	Expert Bioheaven\BioHeaven2020 EURUSD,Daily: loaded successfully
2	20:47:25.062	Expert BioHeaven2020 EURUSD,Daily: removed
2	20:47:25.079	Expert Bioheaven\BioHeaven2020 EURUSD,Daily: loaded successfully
2	20:47:42.612	Expert BioHeaven2020 EURUSD,M15: removed
2	20:47:42.629	Expert Bioheaven\BioHeaven2020 EURUSD,M15: loaded successfully
2	20:47:45.902	Expert BioHeaven2020 EURUSD,M15: removed
2	20:47:46.033	Expert Bioheaven\BioHeaven2020 EURUSD,M15: loaded successfully
2	20:48:07.548	Expert BioHeaven2020 EURUSD,M15: removed
2	20:48:07.567	Expert Bioheaven\BioHeaven2020 EURUSD,M15: loaded successfully
2	20:48:30.820	Expert BioHeaven2020 EURUSD,M15: removed
2	20:48:30.835	Expert Bioheaven\BioHeaven2020 EURUSD,M15: loaded successfully
2	20:48:31.024	Expert BioHeaven2020 EURUSD,M15: removed
2	20:48:36.322	Expert BIOHEAVEV-V6 EURUSD,H1: removed
2	20:48:43.120	Expert Bioheaven\BioHeaven7 EURUSD,H1: loaded successfully
2	20:48:45.269	Expert BioHeaven7 EURUSD,H1: removed
2	20:48:46.938	Expert Bioheaven\BioHeaven2020 EURUSD,H1: loaded successfully
2	20:49:55.256	Expert BioHeaven2020 EURUSD,H1: removed
2	20:49:55.273	Expert Bioheaven\BioHeaven2020 EURUSD,H1: loaded successfully
2	20:50:20.911	Expert BioHeaven2020 EURUSD,H1: removed
2	20:50:20.928	Expert Bioheaven\BioHeaven2020 EURUSD,H1: loaded successfully
0	20:52:49.086	Code Base: successful download file 'Z:\Users\makis\Desktop\FxPro - MetaTrader 4\MQL4\Indicators\Downloads\FiboRetracementLevels.mq4'
0	20:52:49.086	Code Base: successful download file 'Z:\Users\makis\Desktop\FxPro - MetaTrader 4\MQL4\Indicators\Downloads\FiboRetracementLevels_v2.mq4'
0	20:52:54.530	Code Base: successful compile file 'MQL4\Indicators\Downloads\FiboRetracementLevels.mq4'
0	20:52:56.920	Code Base: successful compile file 'MQL4\Indicators\Downloads\FiboRetracementLevels_v2.mq4'
2	20:52:56.954	Custom indicator Downloads\FiboRetracementLevels EURUSD,H4: loaded successfully
2	20:53:00.991	Custom indicator FiboRetracementLevels EURUSD,H4: removed
2	20:53:01.007	Custom indicator Downloads\FiboRetracementLevels_v2 EURUSD,H4: loaded successfully
2	20:53:13.293	Custom indicator FiboRetracementLevels_v2 EURUSD,H4: removed
0	20:53:20.679	Code Base: successful download file 'Z:\Users\makis\Desktop\FxPro - MetaTrader 4\MQL4\Indicators\Downloads\IH_Fibo.mq4'
0	20:53:23.035	Code Base: successful compile file 'MQL4\Indicators\Downloads\IH_Fibo.mq4'
2	20:53:23.072	Custom indicator Downloads\IH_Fibo EURUSD,H4: loaded successfully
2	20:57:12.603	Custom indicator IH_Fibo EURUSD,H4: removed
2	20:57:12.616	Custom indicator Downloads\IH_Fibo EURUSD,H4: loaded successfully
2	21:04:39.523	Expert BioHeaven2020 EURUSD,Daily: removed
2	21:04:39.541	Expert Bioheaven\BioHeaven2020 EURUSD,Daily: loaded successfully
2	21:07:54.485	Expert BioHeaven2020 EURUSD,H1: removed
2	21:07:54.490	Custom indicator IH_Fibo EURUSD,H1: removed
2	21:08:39.608	Expert Bioheaven\BioHeaven2020 EURUSD,H1: loaded successfully
2	21:12:28.777	Expert BioHeaven2020 EURUSD,M15: removed
2	21:12:28.794	Expert Bioheaven\BioHeaven2020 EURUSD,M15: loaded successfully
2	21:14:21.551	Expert BioHeaven2020 EURUSD,M15: removed
2	21:14:21.568	Expert Bioheaven\BioHeaven2020 EURUSD,M15: loaded successfully
2	21:14:32.630	Expert BioHeaven2020 EURUSD,M15: removed
2	21:14:32.648	Expert Bioheaven\BioHeaven2020 EURUSD,M15: loaded successfully
2	21:18:39.030	Expert BioHeaven2020 EURUSD,M15: removed
2	21:18:39.046	Expert Bioheaven\BioHeaven2020 EURUSD,M15: loaded successfully
2	21:19:39.939	Expert BioHeaven2020 EURUSD,M15: removed
2	21:19:39.956	Expert Bioheaven\BioHeaven2020 EURUSD,M15: loaded successfully
2	21:21:00.146	Expert BioHeaven2020 EURUSD,H4: removed
2	21:21:00.164	Expert Bioheaven\BioHeaven2020 EURUSD,H4: loaded successfully
2	21:21:25.870	Expert BioHeaven2020 EURUSD,H4: removed
2	21:21:25.887	Expert Bioheaven\BioHeaven2020 EURUSD,H4: loaded successfully
2	21:22:06.501	Expert BioHeaven2020 EURUSD,H4: removed
2	21:22:06.518	Expert Bioheaven\BioHeaven2020 EURUSD,H4: loaded successfully
2	21:30:23.738	Expert BioHeaven2020 EURUSD,H1: removed
2	21:30:23.756	Expert Bioheaven\BioHeaven2020 EURUSD,H1: loaded successfully
2	21:30:43.817	Expert BioHeaven2020 EURUSD,H1: removed
2	21:30:43.835	Expert Bioheaven\BioHeaven2020 EURUSD,H1: loaded successfully
2	21:31:02.984	Expert BioHeaven2020 EURUSD,H1: removed
2	21:31:03.003	Expert Bioheaven\BioHeaven2020 EURUSD,H1: loaded successfully
2	21:31:30.414	Expert BioHeaven2020 EURUSD,H1: removed
2	21:31:30.432	Expert Bioheaven\BioHeaven2020 EURUSD,H1: loaded successfully
2	21:31:43.425	Expert BioHeaven2020 EURUSD,H1: removed
2	21:31:43.443	Expert Bioheaven\BioHeaven2020 EURUSD,H1: loaded successfully
2	21:32:07.833	Expert BioHeaven2020 EURUSD,H1: removed
2	21:32:07.850	Expert Bioheaven\BioHeaven2020 EURUSD,H1: loaded successfully
2	21:32:33.271	Expert BioHeaven2020 EURUSD,H1: removed
2	21:32:33.290	Expert Bioheaven\BioHeaven2020 EURUSD,H1: loaded successfully
2	21:33:13.957	Expert BioHeaven2020 EURUSD,H1: removed
2	21:33:13.976	Expert Bioheaven\BioHeaven2020 EURUSD,H1: loaded successfully
2	21:33:24.169	Expert BioHeaven2020 EURUSD,H1: removed
2	21:33:24.188	Expert Bioheaven\BioHeaven2020 EURUSD,H1: loaded successfully
2	21:33:52.101	Expert BioHeaven2020 EURUSD,H1: removed
2	21:33:52.119	Expert Bioheaven\BioHeaven2020 EURUSD,H1: loaded successfully
2	21:34:04.241	Expert BioHeaven2020 EURUSD,H1: removed
2	21:34:04.258	Expert Bioheaven\BioHeaven2020 EURUSD,H1: loaded successfully
2	21:34:28.922	Expert BioHeaven2020 EURUSD,H1: removed
2	21:34:28.940	Expert Bioheaven\BioHeaven2020 EURUSD,H1: loaded successfully
2	21:34:50.820	Expert BioHeaven2020 EURUSD,H1: removed
2	21:34:50.840	Expert Bioheaven\BioHeaven2020 EURUSD,H1: loaded successfully
2	21:34:52.762	Expert BioHeaven2020 EURUSD,H1: removed
2	21:34:52.776	Expert Bioheaven\BioHeaven2020 EURUSD,H1: loaded successfully
2	21:35:50.636	Expert BioHeaven2020 EURUSD,H1: removed
2	21:35:50.652	Expert Bioheaven\BioHeaven2020 EURUSD,H1: loaded successfully
2	21:36:13.981	Expert BioHeaven2020 EURUSD,H1: removed
2	21:36:13.998	Expert Bioheaven\BioHeaven2020 EURUSD,H1: loaded successfully
2	21:36:25.237	Expert BioHeaven2020 EURUSD,H1: removed
2	21:36:25.255	Expert Bioheaven\BioHeaven2020 EURUSD,H1: loaded successfully
2	21:36:39.426	Expert BioHeaven2020 EURUSD,H1: removed
2	21:36:39.446	Expert Bioheaven\BioHeaven2020 EURUSD,H1: loaded successfully
2	21:37:00.129	Expert BioHeaven2020 EURUSD,H1: removed
2	21:37:00.147	Expert Bioheaven\BioHeaven2020 EURUSD,H1: loaded successfully
2	21:37:27.458	Expert BioHeaven2020 EURUSD,H1: removed
2	21:37:27.476	Expert Bioheaven\BioHeaven2020 EURUSD,H1: loaded successfully
2	21:37:34.322	Expert BioHeaven2020 EURUSD,H1: removed
2	21:37:34.341	Expert Bioheaven\BioHeaven2020 EURUSD,H1: loaded successfully
2	21:41:28.181	Expert BioHeaven2020 EURUSD,H1: removed
2	21:41:28.198	Expert Bioheaven\BioHeaven2020 EURUSD,H1: loaded successfully
2	21:42:39.570	Expert BioHeaven2020 EURUSD,H1: removed
2	21:42:39.589	Expert Bioheaven\BioHeaven2020 EURUSD,H1: loaded successfully
2	21:43:32.873	Expert BioHeaven2020 EURUSD,H1: removed
2	21:43:32.889	Expert Bioheaven\BioHeaven2020 EURUSD,H1: loaded successfully
2	21:44:00.070	Expert BioHeaven2020 EURUSD,H1: removed
2	21:44:00.087	Expert Bioheaven\BioHeaven2020 EURUSD,H1: loaded successfully
2	21:44:13.921	Expert BioHeaven2020 EURUSD,H1: removed
2	21:44:13.939	Expert Bioheaven\BioHeaven2020 EURUSD,H1: loaded successfully
2	21:45:23.096	Expert BioHeaven2020 EURUSD,H1: removed
2	21:45:23.114	Expert Bioheaven\BioHeaven2020 EURUSD,H1: loaded successfully
2	21:45:35.606	Expert BioHeaven2020 EURUSD,H1: removed
2	21:45:35.623	Expert Bioheaven\BioHeaven2020 EURUSD,H1: loaded successfully
2	21:46:02.030	Expert BioHeaven2020 EURUSD,H1: removed
2	21:46:02.049	Expert Bioheaven\BioHeaven2020 EURUSD,H1: loaded successfully
2	21:46:26.695	Expert BioHeaven2020 EURUSD,H1: removed
2	21:46:26.713	Expert Bioheaven\BioHeaven2020 EURUSD,H1: loaded successfully
2	21:48:14.814	Expert BioHeaven2020 EURUSD,H1: removed
2	21:48:14.831	Expert Bioheaven\BioHeaven2020 EURUSD,H1: loaded successfully
2	21:48:36.930	Expert BioHeaven2020 EURUSD,H1: removed
2	21:48:36.948	Expert Bioheaven\BioHeaven2020 EURUSD,H1: loaded successfully
2	21:48:56.295	Expert BioHeaven2020 EURUSD,H1: removed
2	21:48:56.314	Expert Bioheaven\BioHeaven2020 EURUSD,H1: loaded successfully
2	21:49:40.741	Expert BioHeaven2020 EURUSD,H1: removed
2	21:49:40.759	Expert Bioheaven\BioHeaven2020 EURUSD,H1: loaded successfully
2	21:56:21.162	Expert BioHeaven2020 EURUSD,H1: removed
2	21:56:21.178	Expert Bioheaven\BioHeaven2020 EURUSD,H1: loaded successfully
2	21:57:37.995	Expert BioHeaven2020 EURUSD,H1: removed
2	21:57:38.014	Expert Bioheaven\BioHeaven2020 EURUSD,H1: loaded successfully
2	22:01:29.733	Expert BioHeaven2020 EURUSD,H1: removed
2	22:01:29.751	Expert Bioheaven\BioHeaven2020 EURUSD,H1: loaded successfully
2	22:03:05.584	Expert BioHeaven2020 EURUSD,H1: removed
2	22:03:05.602	Expert Bioheaven\BioHeaven2020 EURUSD,H1: loaded successfully
2	22:04:00.295	Expert BioHeaven2020 EURUSD,H1: removed
2	22:04:00.314	Expert Bioheaven\BioHeaven2020 EURUSD,H1: loaded successfully
2	22:04:40.208	Expert BioHeaven2020 EURUSD,H1: removed
2	22:04:40.225	Expert Bioheaven\BioHeaven2020 EURUSD,H1: loaded successfully
2	22:05:14.454	Expert BioHeaven2020 EURUSD,H1: removed
2	22:05:14.472	Expert Bioheaven\BioHeaven2020 EURUSD,H1: loaded successfully
2	22:05:36.178	Expert BioHeaven2020 EURUSD,H1: removed
2	22:05:36.196	Expert Bioheaven\BioHeaven2020 EURUSD,H1: loaded successfully
2	22:13:18.197	Expert BioHeaven2020 EURUSD,H1: removed
2	22:13:18.215	Expert Bioheaven\BioHeaven2020 EURUSD,H1: loaded successfully
2	22:15:50.726	Expert BioHeaven2020 EURUSD,H1: removed
2	22:15:50.743	Expert Bioheaven\BioHeaven2020 EURUSD,H1: loaded successfully
2	22:16:48.305	Expert BioHeaven2020 EURUSD,H1: removed
2	22:16:48.323	Expert Bioheaven\BioHeaven2020 EURUSD,H1: loaded successfully
2	22:18:42.770	Expert BioHeaven2020 EURUSD,H1: removed
2	22:18:42.790	Expert Bioheaven\BioHeaven2020 EURUSD,H1: loaded successfully
2	22:19:03.788	Expert BioHeaven2020 EURUSD,H1: removed
2	22:19:03.807	Expert Bioheaven\BioHeaven2020 EURUSD,H1: loaded successfully
2	22:41:21.489	Expert BioHeaven2020 EURUSD,H1: removed
2	22:41:21.506	Expert Bioheaven\BioHeaven2020 EURUSD,H1: loaded successfully
2	22:44:54.643	Expert BioHeaven2020 EURUSD,H1: removed
2	22:44:54.661	Expert Bioheaven\BioHeaven2020 EURUSD,H1: loaded successfully
2	22:46:34.884	Expert BioHeaven2020 EURUSD,H1: removed
2	22:46:34.902	Expert Bioheaven\BioHeaven2020 EURUSD,H1: loaded successfully
2	22:46:58.929	Expert BioHeaven2020 EURUSD,H1: removed
2	22:46:58.948	Expert Bioheaven\BioHeaven2020 EURUSD,H1: loaded successfully
2	22:47:03.760	Expert BioHeaven2020 EURUSD,H1: removed
2	22:47:03.775	Expert Bioheaven\BioHeaven2020 EURUSD,H1: loaded successfully
2	23:07:54.248	Expert BioHeaven2020 EURUSD,H1: removed
2	23:07:54.267	Expert Bioheaven\BioHeaven2020 EURUSD,H1: loaded successfully
2	23:08:03.616	Expert BioHeaven2020 EURUSD,H1: removed
2	23:08:03.632	Expert Bioheaven\BioHeaven2020 EURUSD,H1: loaded successfully
2	23:10:14.133	Expert BioHeaven2020 EURUSD,H1: removed
2	23:10:14.150	Expert Bioheaven\BioHeaven2020 EURUSD,H1: loaded successfully
2	23:10:44.295	Expert BioHeaven2020 EURUSD,H1: removed
2	23:10:44.312	Expert Bioheaven\BioHeaven2020 EURUSD,H1: loaded successfully
2	23:11:14.878	Custom indicator ZigZag EURUSD,H1: loaded successfully
2	23:12:05.652	Expert BioHeaven2020 EURUSD,H1: removed
2	23:12:05.671	Expert Bioheaven\BioHeaven2020 EURUSD,H1: loaded successfully
0	23:26:47.553	Automated trading disabled
0	23:26:48.856	Automated trading enabled
2	23:33:17.609	Expert BioHeaven2020 EURUSD,H1: removed
2	23:33:17.627	Expert Bioheaven\BioHeaven2020 EURUSD,H1: loaded successfully
